2025-11-30 19:26:19 [info] : Connected to Redis
2025-11-30 20:00:09 [info] : Connected to Redis
2025-11-30 20:01:28 [info] : Connected to Redis
2025-11-30 20:01:47 [info] : Connected to Redis
2025-11-30 20:03:32 [info] : Connected to Redis
2025-11-30 20:04:02 [error] : MongoDB connection error:
MongooseServerSelectionError: Could not connect to any servers in your MongoDB Atlas cluster. One common reason is that you're trying to access the database from an IP that isn't whitelisted. Make sure your current IP address is on your Atlas cluster's IP whitelist: https://www.mongodb.com/docs/atlas/security-whitelist/
2025-11-30 20:05:35 [info] : Connected to Redis
2025-11-30 20:05:36 [info] : Connected to MongoDB
2025-11-30 20:06:18 [info] : Connected to Redis
2025-11-30 20:06:19 [info] : Connected to MongoDB
2025-12-01 06:48:19 [info] : Connected to Redis
2025-12-01 06:48:21 [info] : Connected to MongoDB
2025-12-01 07:00:00 [info] : ⏳ Deleted unverified users older than 15 minutes:cron
2025-12-01 07:07:40 [error] : Redis connection error:
 Error: read ECONNRESET
2025-12-01 07:07:42 [info] : Connected to Redis
2025-12-01 07:15:00 [info] : ⏳ Deleted unverified users older than 15 minutes:cron
2025-12-01 07:25:05 [error] : Redis connection error:
 Error: read ECONNRESET
2025-12-01 07:25:05 [error] : Redis connection error:
 Error: getaddrinfo ENOTFOUND together-basilisk-31307.upstash.io
2025-12-01 07:25:05 [error] : Redis connection error:
 Error: getaddrinfo ENOTFOUND together-basilisk-31307.upstash.io
2025-12-01 07:25:05 [error] : Redis connection error:
 Error: getaddrinfo ENOTFOUND together-basilisk-31307.upstash.io
2025-12-01 07:25:06 [error] : Redis connection error:
 Error: getaddrinfo ENOTFOUND together-basilisk-31307.upstash.io
2025-12-01 07:25:06 [error] : Redis connection error:
 Error: getaddrinfo ENOTFOUND together-basilisk-31307.upstash.io
2025-12-01 07:25:06 [error] : Redis connection error:
 Error: getaddrinfo ENOTFOUND together-basilisk-31307.upstash.io
2025-12-01 07:25:06 [error] : Redis connection error:
 Error: getaddrinfo ENOTFOUND together-basilisk-31307.upstash.io
2025-12-01 07:25:07 [error] : Redis connection error:
 Error: getaddrinfo ENOTFOUND together-basilisk-31307.upstash.io
2025-12-01 07:25:07 [error] : Redis connection error:
 Error: getaddrinfo ENOTFOUND together-basilisk-31307.upstash.io
2025-12-01 07:25:08 [error] : Redis connection error:
 Error: getaddrinfo ENOTFOUND together-basilisk-31307.upstash.io
2025-12-01 07:25:08 [error] : Redis connection error:
 Error: getaddrinfo ENOTFOUND together-basilisk-31307.upstash.io
2025-12-01 07:29:35 [error] : Redis connection error:
 Error: getaddrinfo ENOTFOUND together-basilisk-31307.upstash.io
2025-12-01 07:29:39 [info] : Connected to Redis
2025-12-01 07:30:01 [info] : ⏳ Deleted unverified users older than 15 minutes:cron
2025-12-01 17:55:26 [info] : Connected to Redis
2025-12-01 17:55:27 [info] : Connected to MongoDB
2025-12-01 18:06:34 [info] : Connected to Redis
2025-12-01 18:06:36 [info] : Connected to MongoDB
2025-12-01 18:13:10 [info] : Connected to Redis
2025-12-01 18:13:11 [info] : Connected to MongoDB
2025-12-01 18:18:34 [info] : Connected to Redis
2025-12-01 18:18:35 [info] : Connected to MongoDB
2025-12-01 18:27:02 [info] : Connected to Redis
2025-12-01 18:27:03 [info] : Connected to MongoDB
2025-12-01 18:31:30 [info] : Connected to Redis
2025-12-01 18:31:31 [info] : Connected to MongoDB
2025-12-01 18:35:29 [info] : Connected to Redis
2025-12-01 18:35:30 [info] : Connected to MongoDB
2025-12-01 18:45:11 [info] : Connected to Redis
2025-12-01 18:45:12 [info] : Connected to MongoDB
2025-12-01 19:18:35 [info] : Connected to Redis
2025-12-01 19:18:36 [info] : Connected to MongoDB
2025-12-02 08:55:01 [info] : Connected to Redis
2025-12-02 08:55:02 [info] : Connected to MongoDB
2025-12-02 10:03:05 [info] : Connected to Redis
2025-12-02 10:03:06 [info] : Connected to MongoDB
2025-12-02 10:08:24 [info] : Connected to Redis
2025-12-02 10:08:25 [info] : Connected to MongoDB
2025-12-02 10:11:08 [info] : Connected to Redis
2025-12-02 10:11:10 [info] : Connected to MongoDB
2025-12-02 10:14:54 [info] : Connected to Redis
2025-12-02 10:14:55 [info] : Connected to MongoDB
2025-12-02 10:35:11 [info] : Connected to Redis
2025-12-02 10:35:18 [info] : Connected to MongoDB
2025-12-02 10:39:58 [error] : Redis connection error:
 Error: read ECONNRESET
2025-12-02 10:39:59 [info] : Connected to Redis
2025-12-02 10:42:23 [info] : Connected to Redis
2025-12-02 10:42:26 [info] : Connected to MongoDB
2025-12-02 10:44:39 [info] : Connected to Redis
2025-12-02 10:44:40 [info] : Connected to MongoDB
2025-12-02 10:46:53 [info] : Connected to Redis
2025-12-02 10:46:54 [info] : Connected to MongoDB
2025-12-02 10:48:39 [info] : Connected to Redis
2025-12-02 10:48:40 [info] : Connected to MongoDB
2025-12-02 10:50:41 [info] : Connected to Redis
2025-12-02 10:50:42 [info] : Connected to MongoDB
2025-12-02 10:53:21 [info] : Connected to Redis
2025-12-02 10:53:23 [info] : Connected to MongoDB
2025-12-02 10:57:02 [info] : Connected to Redis
2025-12-02 10:57:03 [info] : Connected to MongoDB
2025-12-02 11:00:18 [info] : Connected to Redis
2025-12-02 11:00:19 [info] : Connected to MongoDB
2025-12-02 11:04:04 [info] : Connected to Redis
2025-12-02 11:04:05 [info] : Connected to MongoDB
2025-12-02 11:17:08 [info] : Connected to Redis
2025-12-02 11:17:09 [info] : Connected to MongoDB
2025-12-02 11:22:26 [info] : Connected to Redis
2025-12-02 11:22:27 [info] : Connected to MongoDB
2025-12-02 11:23:56 [info] : Connected to Redis
2025-12-02 11:23:57 [info] : Connected to MongoDB
2025-12-02 11:25:48 [info] : Connected to Redis
2025-12-02 11:25:49 [info] : Connected to MongoDB
2025-12-02 11:26:33 [info] : Connected to Redis
2025-12-02 11:26:34 [info] : Connected to MongoDB
2025-12-02 11:30:24 [info] : Connected to Redis
2025-12-02 11:30:25 [info] : Connected to MongoDB
2025-12-02 11:31:12 [info] : Connected to Redis
2025-12-02 11:31:13 [info] : Connected to MongoDB
2025-12-02 11:32:17 [info] : Connected to Redis
2025-12-02 11:32:18 [info] : Connected to MongoDB
2025-12-02 11:33:35 [info] : Connected to Redis
2025-12-02 11:33:36 [info] : Connected to MongoDB
2025-12-02 11:33:50 [info] : Connected to Redis
2025-12-02 11:33:54 [info] : Connected to Redis
2025-12-02 11:33:55 [info] : Connected to MongoDB
2025-12-02 11:34:41 [info] : Connected to Redis
2025-12-02 11:34:42 [info] : Connected to MongoDB
2025-12-02 11:34:54 [info] : Connected to Redis
2025-12-02 11:34:54 [info] : Connected to MongoDB
2025-12-02 11:35:46 [info] : Connected to Redis
2025-12-02 11:35:47 [info] : Connected to MongoDB
2025-12-02 11:39:07 [info] : Connected to Redis
2025-12-02 11:39:08 [info] : Connected to MongoDB
