2025-11-30 20:04:02 [error] : MongoDB connection error:
MongooseServerSelectionError: Could not connect to any servers in your MongoDB Atlas cluster. One common reason is that you're trying to access the database from an IP that isn't whitelisted. Make sure your current IP address is on your Atlas cluster's IP whitelist: https://www.mongodb.com/docs/atlas/security-whitelist/
2025-12-01 07:07:40 [error] : Redis connection error:
 Error: read ECONNRESET
2025-12-01 07:25:05 [error] : Redis connection error:
 Error: read ECONNRESET
2025-12-01 07:25:05 [error] : Redis connection error:
 Error: getaddrinfo ENOTFOUND together-basilisk-31307.upstash.io
2025-12-01 07:25:05 [error] : Redis connection error:
 Error: getaddrinfo ENOTFOUND together-basilisk-31307.upstash.io
2025-12-01 07:25:05 [error] : Redis connection error:
 Error: getaddrinfo ENOTFOUND together-basilisk-31307.upstash.io
2025-12-01 07:25:06 [error] : Redis connection error:
 Error: getaddrinfo ENOTFOUND together-basilisk-31307.upstash.io
2025-12-01 07:25:06 [error] : Redis connection error:
 Error: getaddrinfo ENOTFOUND together-basilisk-31307.upstash.io
2025-12-01 07:25:06 [error] : Redis connection error:
 Error: getaddrinfo ENOTFOUND together-basilisk-31307.upstash.io
2025-12-01 07:25:06 [error] : Redis connection error:
 Error: getaddrinfo ENOTFOUND together-basilisk-31307.upstash.io
2025-12-01 07:25:07 [error] : Redis connection error:
 Error: getaddrinfo ENOTFOUND together-basilisk-31307.upstash.io
2025-12-01 07:25:07 [error] : Redis connection error:
 Error: getaddrinfo ENOTFOUND together-basilisk-31307.upstash.io
2025-12-01 07:25:08 [error] : Redis connection error:
 Error: getaddrinfo ENOTFOUND together-basilisk-31307.upstash.io
2025-12-01 07:25:08 [error] : Redis connection error:
 Error: getaddrinfo ENOTFOUND together-basilisk-31307.upstash.io
2025-12-01 07:29:35 [error] : Redis connection error:
 Error: getaddrinfo ENOTFOUND together-basilisk-31307.upstash.io
2025-12-02 10:39:58 [error] : Redis connection error:
 Error: read ECONNRESET
